<?xml version="1.0" encoding="UTF-8"?>
<testng-results ignored="0" total="2" passed="2" failed="0" skipped="0">
  <reporter-output>
  </reporter-output>
  <suite started-at="2023-10-11T13:39:41 IST" name="Default suite" finished-at="2023-10-11T13:39:41 IST" duration-ms="89">
    <groups>
    </groups>
    <test started-at="2023-10-11T13:39:41 IST" name="Default test" finished-at="2023-10-11T13:39:41 IST" duration-ms="89">
      <class name="Projects.ListenerClassTwo">
        <test-method signature="access()[pri:0, instance:Projects.ListenerClassTwo@67f639d3]" started-at="2023-10-11T13:39:41 IST" name="access" finished-at="2023-10-11T13:39:41 IST" duration-ms="14" status="PASS">
          <reporter-output>
          </reporter-output>
        </test-method> <!-- access -->
        <test-method signature="test()[pri:0, instance:Projects.ListenerClassTwo@67f639d3]" started-at="2023-10-11T13:39:41 IST" name="test" finished-at="2023-10-11T13:39:41 IST" duration-ms="2" status="PASS">
          <reporter-output>
          </reporter-output>
        </test-method> <!-- test -->
      </class> <!-- Projects.ListenerClassTwo -->
    </test> <!-- Default test -->
  </suite> <!-- Default suite -->
</testng-results>
